Using pre-set license
Built from '2020.3/release' branch; Version is '2020.3.12f1 (b3b2c6512326) revision 11776710'; Using compiler version '192528614'; Build Type 'Release'
OS: 'Windows 10 Pro; OS build 19044.1526; Version 2009; 64bit' Language: 'en' Physical Memory: 32633 MB
BatchMode: 1, IsHumanControllingUs: 0, StartBugReporterOnCrash: 0, Is64bit: 1, IsPro: 0

 COMMAND LINE ARGUMENTS:
C:\Program Files\Unity\Hub\Editor\2020.3.12f1\Editor\Unity.exe
-adb2
-batchMode
-noUpm
-name
AssetImportWorker0
-projectPath
C:/Users/Thao Tran/Documents/unity/colormem
-logFile
Logs/AssetImportWorker0.log
-srvPort
55478
Successfully changed project path to: C:/Users/Thao Tran/Documents/unity/colormem
C:/Users/Thao Tran/Documents/unity/colormem
Using Asset Import Pipeline V2.
Refreshing native plugins compatible for Editor in 46.69 ms, found 3 plugins.
Preloading 0 native plugins for Editor in 0.00 ms.
Initialize engine version: 2020.3.12f1 (b3b2c6512326)
[Subsystems] Discovering subsystems at path C:/Program Files/Unity/Hub/Editor/2020.3.12f1/Editor/Data/Resources/UnitySubsystems
[Subsystems] Discovering subsystems at path C:/Users/Thao Tran/Documents/unity/colormem/Assets
GfxDevice: creating device client; threaded=0
Direct3D:
    Version:  Direct3D 11.0 [level 11.1]
    Renderer: NVIDIA GeForce GTX 1650 (ID=0x1f0a)
    Vendor:   
    VRAM:     3961 MB
    Driver:   30.0.14.7168
Initialize mono
Mono path[0] = 'C:/Program Files/Unity/Hub/Editor/2020.3.12f1/Editor/Data/Managed'
Mono path[1] = 'C:/Program Files/Unity/Hub/Editor/2020.3.12f1/Editor/Data/MonoBleedingEdge/lib/mono/unityjit'
Mono config path = 'C:/Program Files/Unity/Hub/Editor/2020.3.12f1/Editor/Data/MonoBleedingEdge/etc'
Using monoOptions --debugger-agent=transport=dt_socket,embedding=1,server=y,suspend=n,address=127.0.0.1:56820
Begin MonoManager ReloadAssembly
Registering precompiled unity dll's ...
Register platform support module: C:/Program Files/Unity/Hub/Editor/2020.3.12f1/Editor/Data/PlaybackEngines/WindowsStandaloneSupport/UnityEditor.WindowsStandalone.Extensions.dll
Registered in 0.001285 seconds.
Native extension for WindowsStandalone target not found
Refreshing native plugins compatible for Editor in 38.09 ms, found 3 plugins.
Preloading 0 native plugins for Editor in 0.00 ms.
Mono: successfully reloaded assembly
- Completed reload, in  1.537 seconds
Platform modules already initialized, skipping
Registering precompiled user dll's ...
Registered in 0.002900 seconds.
Begin MonoManager ReloadAssembly
Native extension for WindowsStandalone target not found
Refreshing native plugins compatible for Editor in 36.55 ms, found 3 plugins.
Preloading 0 native plugins for Editor in 0.00 ms.
Mono: successfully reloaded assembly
- Completed reload, in  0.791 seconds
Platform modules already initialized, skipping
========================================================================
Worker process is ready to serve import requests
Launched and connected shader compiler UnityShaderCompiler.exe after 0.03 seconds
Refreshing native plugins compatible for Editor in 0.45 ms, found 3 plugins.
Preloading 0 native plugins for Editor in 0.00 ms.
Unloading 2223 Unused Serialized files (Serialized files now loaded: 0)
System memory in use before: 98.4 MB.
System memory in use after: 98.5 MB.

Unloading 40 unused Assets to reduce memory usage. Loaded Objects now: 2650.
Total: 1.472100 ms (FindLiveObjects: 0.121800 ms CreateObjectMapping: 0.048100 ms MarkObjects: 1.280200 ms  DeleteObjects: 0.021000 ms)

AssetImportParameters requested are different than current active one (requested -> active):
  custom:framework-win-MediaFoundation: 216162199b28c13a410421893ffa2e32 -> 
  custom:video-decoder-ogg-theora: a1e56fd34408186e4bbccfd4996cb3dc -> 
  custom:container-muxer-webm: aa71ff27fc2769a1b78a27578f13a17b -> 
  custom:container-demuxer-webm: 4f35f7cbe854078d1ac9338744f61a02 -> 
  custom:container-demuxer-ogg: 62fdf1f143b41e24485cea50d1cbac27 -> 
  custom:video-encoder-webm-vp8: eb34c28f22e8b96e1ab97ce403110664 -> 
  custom:video-decoder-webm-vp8: 9c59270c3fd7afecdb556c50c9e8de78 -> 
  custom:audio-decoder-ogg-vorbis: bf7c407c2cedff20999df2af8eb42d56 -> 
  custom:audio-encoder-webm-vorbis: bf7c407c2cedff20999df2af8eb42d56 -> 
========================================================================
Received Import Request.
  path: Assets/Scenes/humans.scenetemplate
  artifactKey: Guid(8935d0eb9b0611145b502db25d4bda44) Importer(815301076,1909f56bfc062723c751e8b465ee728b)
Start importing Assets/Scenes/humans.scenetemplate using Guid(8935d0eb9b0611145b502db25d4bda44) Importer(815301076,1909f56bfc062723c751e8b465ee728b)  -> (artifact id: '61f9ca422844de9a8dc66d07c6a3c6cf') in 0.111344 seconds 
  Import took 0.115373 seconds .

========================================================================
Received Import Request.
  Time since last request: 6.365060 seconds.
  path: Assets/Resources/Prefabs/Canvas.prefab
  artifactKey: Guid(c52b1a30c61af694bbee150f0f67d212) Importer(815301076,1909f56bfc062723c751e8b465ee728b)
Start importing Assets/Resources/Prefabs/Canvas.prefab using Guid(c52b1a30c61af694bbee150f0f67d212) Importer(815301076,1909f56bfc062723c751e8b465ee728b)  -> (artifact id: '842beec7f46f3980f01e966b022888c2') in 0.181065 seconds 
  Import took 0.184344 seconds .

========================================================================
Received Import Request.
  Time since last request: 1.202349 seconds.
  path: Assets/Resources/Prefabs/VFCMObjects/10.png
  artifactKey: Guid(198aeeedbbc82b0429b65ed2ae283fb6) Importer(815301076,1909f56bfc062723c751e8b465ee728b)
Start importing Assets/Resources/Prefabs/VFCMObjects/10.png using Guid(198aeeedbbc82b0429b65ed2ae283fb6) Importer(815301076,1909f56bfc062723c751e8b465ee728b)  -> (artifact id: '78c6aad6de595b321a7cccdc5da8bac3') in 0.055127 seconds 
  Import took 0.057947 seconds .

========================================================================
Received Import Request.
  Time since last request: 0.000208 seconds.
  path: Assets/Resources/Prefabs/VFCMObjects/11.png
  artifactKey: Guid(ccead1a41aef49443ab2248e595cc983) Importer(815301076,1909f56bfc062723c751e8b465ee728b)
Start importing Assets/Resources/Prefabs/VFCMObjects/11.png using Guid(ccead1a41aef49443ab2248e595cc983) Importer(815301076,1909f56bfc062723c751e8b465ee728b)  -> (artifact id: '22f26c23698a323987f3138e94d5a81f') in 0.024846 seconds 
  Import took 0.027492 seconds .

