Using pre-set license
Built from '2020.3/release' branch; Version is '2020.3.12f1 (b3b2c6512326) revision 11776710'; Using compiler version '192528614'; Build Type 'Release'
OS: 'Windows 10 Pro; OS build 19043.1415; Version 2009; 64bit' Language: 'en' Physical Memory: 32633 MB
BatchMode: 1, IsHumanControllingUs: 0, StartBugReporterOnCrash: 0, Is64bit: 1, IsPro: 0

 COMMAND LINE ARGUMENTS:
C:\Program Files\Unity\Hub\Editor\2020.3.12f1\Editor\Unity.exe
-adb2
-batchMode
-noUpm
-name
AssetImportWorker1
-projectPath
C:/Users/Thao Tran/Documents/unity/colormem
-logFile
Logs/AssetImportWorker1.log
-srvPort
62978
Successfully changed project path to: C:/Users/Thao Tran/Documents/unity/colormem
C:/Users/Thao Tran/Documents/unity/colormem
Using Asset Import Pipeline V2.
Refreshing native plugins compatible for Editor in 78.33 ms, found 3 plugins.
Preloading 0 native plugins for Editor in 0.00 ms.
Initialize engine version: 2020.3.12f1 (b3b2c6512326)
[Subsystems] Discovering subsystems at path C:/Program Files/Unity/Hub/Editor/2020.3.12f1/Editor/Data/Resources/UnitySubsystems
[Subsystems] Discovering subsystems at path C:/Users/Thao Tran/Documents/unity/colormem/Assets
GfxDevice: creating device client; threaded=0
Direct3D:
    Version:  Direct3D 11.0 [level 11.1]
    Renderer: NVIDIA GeForce GTX 1650 (ID=0x1f0a)
    Vendor:   
    VRAM:     3961 MB
    Driver:   30.0.14.7168
Initialize mono
Mono path[0] = 'C:/Program Files/Unity/Hub/Editor/2020.3.12f1/Editor/Data/Managed'
Mono path[1] = 'C:/Program Files/Unity/Hub/Editor/2020.3.12f1/Editor/Data/MonoBleedingEdge/lib/mono/unityjit'
Mono config path = 'C:/Program Files/Unity/Hub/Editor/2020.3.12f1/Editor/Data/MonoBleedingEdge/etc'
Using monoOptions --debugger-agent=transport=dt_socket,embedding=1,server=y,suspend=n,address=127.0.0.1:56064
Begin MonoManager ReloadAssembly
Registering precompiled unity dll's ...
Register platform support module: C:/Program Files/Unity/Hub/Editor/2020.3.12f1/Editor/Data/PlaybackEngines/WindowsStandaloneSupport/UnityEditor.WindowsStandalone.Extensions.dll
Registered in 0.001956 seconds.
Native extension for WindowsStandalone target not found
Refreshing native plugins compatible for Editor in 61.15 ms, found 3 plugins.
Preloading 0 native plugins for Editor in 0.00 ms.
Mono: successfully reloaded assembly
- Completed reload, in  1.917 seconds
Platform modules already initialized, skipping
Registering precompiled user dll's ...
Registered in 0.006009 seconds.
Begin MonoManager ReloadAssembly
Native extension for WindowsStandalone target not found
Refreshing native plugins compatible for Editor in 60.02 ms, found 3 plugins.
Preloading 0 native plugins for Editor in 0.00 ms.
Mono: successfully reloaded assembly
- Completed reload, in  4.973 seconds
Platform modules already initialized, skipping
========================================================================
Worker process is ready to serve import requests
Launched and connected shader compiler UnityShaderCompiler.exe after 0.08 seconds
Refreshing native plugins compatible for Editor in 0.73 ms, found 3 plugins.
Preloading 0 native plugins for Editor in 0.00 ms.
Unloading 2489 Unused Serialized files (Serialized files now loaded: 0)
System memory in use before: 106.5 MB.
System memory in use after: 106.7 MB.

Unloading 46 unused Assets to reduce memory usage. Loaded Objects now: 2910.
Total: 3.056800 ms (FindLiveObjects: 0.175400 ms CreateObjectMapping: 0.095800 ms MarkObjects: 2.701100 ms  DeleteObjects: 0.082900 ms)

AssetImportParameters requested are different than current active one (requested -> active):
  custom:framework-win-MediaFoundation: 216162199b28c13a410421893ffa2e32 -> 
  custom:video-decoder-ogg-theora: a1e56fd34408186e4bbccfd4996cb3dc -> 
  custom:container-muxer-webm: aa71ff27fc2769a1b78a27578f13a17b -> 
  custom:container-demuxer-webm: 4f35f7cbe854078d1ac9338744f61a02 -> 
  custom:container-demuxer-ogg: 62fdf1f143b41e24485cea50d1cbac27 -> 
  custom:video-encoder-webm-vp8: eb34c28f22e8b96e1ab97ce403110664 -> 
  custom:video-decoder-webm-vp8: 9c59270c3fd7afecdb556c50c9e8de78 -> 
  custom:audio-decoder-ogg-vorbis: bf7c407c2cedff20999df2af8eb42d56 -> 
  custom:audio-encoder-webm-vorbis: bf7c407c2cedff20999df2af8eb42d56 -> 
========================================================================
Received Import Request.
  path: Assets/Scripts/ColorObject.cs
  artifactKey: Guid(3df72e95ba5b5ef4cb0e3682041de085) Importer(815301076,1909f56bfc062723c751e8b465ee728b)
Start importing Assets/Scripts/ColorObject.cs using Guid(3df72e95ba5b5ef4cb0e3682041de085) Importer(815301076,1909f56bfc062723c751e8b465ee728b)  -> (artifact id: '865d8d642b1118e09904c6dd1a735181') in 0.028527 seconds 
  Import took 0.034378 seconds .

========================================================================
Received Import Request.
  Time since last request: 956.237281 seconds.
  path: Assets/Sprites/thoughtbubble.png
  artifactKey: Guid(966732bdb6d28ef40a2d3a12dd5d7872) Importer(815301076,1909f56bfc062723c751e8b465ee728b)
Start importing Assets/Sprites/thoughtbubble.png using Guid(966732bdb6d28ef40a2d3a12dd5d7872) Importer(815301076,1909f56bfc062723c751e8b465ee728b)  -> (artifact id: 'fc3ceefd4823b8858725e6eeb0507fd9') in 0.078232 seconds 
  Import took 0.081908 seconds .

========================================================================
Received Import Request.
  Time since last request: 138.424791 seconds.
  path: Assets/Sprites/bucket_handle.png
  artifactKey: Guid(f913fe72ad4c6f74097a104b096806f8) Importer(815301076,1909f56bfc062723c751e8b465ee728b)
Start importing Assets/Sprites/bucket_handle.png using Guid(f913fe72ad4c6f74097a104b096806f8) Importer(815301076,1909f56bfc062723c751e8b465ee728b)  -> (artifact id: '0d7db1f48a18538e87ad7997f2bf908b') in 0.019339 seconds 
  Import took 0.022642 seconds .

========================================================================
Received Import Request.
  Time since last request: 529.760279 seconds.
  path: Assets/Scenes/StreetLevel.unity
  artifactKey: Guid(e4303a44a67dfb7469e548591cfdd17b) Importer(815301076,1909f56bfc062723c751e8b465ee728b)
Start importing Assets/Scenes/StreetLevel.unity using Guid(e4303a44a67dfb7469e548591cfdd17b) Importer(815301076,1909f56bfc062723c751e8b465ee728b)  -> (artifact id: 'caf742580ebd4103b2ff3d447853a2dd') in 0.006642 seconds 
  Import took 0.010283 seconds .

========================================================================
Received Import Request.
  Time since last request: 1.053864 seconds.
  path: Assets/Scenes/SandboxLevel.unity
  artifactKey: Guid(0df20002448aa4c41a6d4ede68fc470d) Importer(815301076,1909f56bfc062723c751e8b465ee728b)
Start importing Assets/Scenes/SandboxLevel.unity using Guid(0df20002448aa4c41a6d4ede68fc470d) Importer(815301076,1909f56bfc062723c751e8b465ee728b)  -> (artifact id: 'c58616c444b82d807d3c631880524e4b') in 0.006179 seconds 
  Import took 0.009179 seconds .

========================================================================
Received Prepare
Registering precompiled user dll's ...
Registered in 0.014218 seconds.
Begin MonoManager ReloadAssembly
Native extension for WindowsStandalone target not found
Refreshing native plugins compatible for Editor in 0.55 ms, found 3 plugins.
Preloading 0 native plugins for Editor in 0.00 ms.
Mono: successfully reloaded assembly
- Completed reload, in  0.744 seconds
Platform modules already initialized, skipping
Switching build target platform(19) subTarget(0) extendedPlatform(0) -> platform(13) subTarget(537395200) extendedPlatform(0)
Refreshing native plugins compatible for Editor in 0.46 ms, found 3 plugins.
Preloading 0 native plugins for Editor in 0.00 ms.
Unloading 2469 Unused Serialized files (Serialized files now loaded: 0)
System memory in use before: 107.8 MB.
System memory in use after: 108.0 MB.

Unloading 34 unused Assets to reduce memory usage. Loaded Objects now: 2922.
Total: 1.692400 ms (FindLiveObjects: 0.155300 ms CreateObjectMapping: 0.070100 ms MarkObjects: 1.445700 ms  DeleteObjects: 0.020600 ms)

AssetImportParameters requested are different than current active one (requested -> active):
  custom:framework-win-MediaFoundation: 216162199b28c13a410421893ffa2e32 -> 
  custom:video-decoder-ogg-theora: a1e56fd34408186e4bbccfd4996cb3dc -> 
  custom:container-muxer-webm: aa71ff27fc2769a1b78a27578f13a17b -> 
  custom:container-demuxer-webm: 4f35f7cbe854078d1ac9338744f61a02 -> 
  custom:container-demuxer-ogg: 62fdf1f143b41e24485cea50d1cbac27 -> 
  custom:video-encoder-webm-vp8: eb34c28f22e8b96e1ab97ce403110664 -> 
  custom:video-decoder-webm-vp8: 9c59270c3fd7afecdb556c50c9e8de78 -> 
  custom:graphics/normal-map-encoding: 01000000000000000000000000000000 -> 02000000000000000000000000000000
  custom:audio-decoder-ogg-vorbis: bf7c407c2cedff20999df2af8eb42d56 -> 
  custom:audio-encoder-webm-vorbis: bf7c407c2cedff20999df2af8eb42d56 -> 
========================================================================
Received Import Request.
  Time since last request: 3207.539859 seconds.
  path: Assets/Sprites/girl_sad.png
  artifactKey: Guid(7145248b37648094c8219d2326c10898) Importer(815301076,1909f56bfc062723c751e8b465ee728b)
Start importing Assets/Sprites/girl_sad.png using Guid(7145248b37648094c8219d2326c10898) Importer(815301076,1909f56bfc062723c751e8b465ee728b)  -> (artifact id: '50c23435a78df33aedfeaf012d3b8bc8') in 0.066017 seconds 
  Import took 0.069954 seconds .

========================================================================
Received Import Request.
  Time since last request: 0.000196 seconds.
  path: Assets/Sprites/sandbox_bucket.png
  artifactKey: Guid(fa6acdb4781915245963f56e397b497b) Importer(815301076,1909f56bfc062723c751e8b465ee728b)
Start importing Assets/Sprites/sandbox_bucket.png using Guid(fa6acdb4781915245963f56e397b497b) Importer(815301076,1909f56bfc062723c751e8b465ee728b)  -> (artifact id: '63252367704a34a2df2ff3dc6170645e') in 0.027289 seconds 
  Import took 0.029914 seconds .

========================================================================
Received Import Request.
  Time since last request: 413.123282 seconds.
  path: Assets/Sprites/sandbox_bucket.png
  artifactKey: Guid(fa6acdb4781915245963f56e397b497b) Importer(815301076,1909f56bfc062723c751e8b465ee728b)
Start importing Assets/Sprites/sandbox_bucket.png using Guid(fa6acdb4781915245963f56e397b497b) Importer(815301076,1909f56bfc062723c751e8b465ee728b)  -> (artifact id: 'ff733e91439963d0ac5de9b43f5e76d0') in 0.016408 seconds 
  Import took 0.019634 seconds .

========================================================================
Received Import Request.
  Time since last request: 0.005616 seconds.
  path: Assets/Sprites/sandbox_bucket.png
  artifactKey: Guid(fa6acdb4781915245963f56e397b497b) Importer(815301076,1909f56bfc062723c751e8b465ee728b)
Start importing Assets/Sprites/sandbox_bucket.png using Guid(fa6acdb4781915245963f56e397b497b) Importer(815301076,1909f56bfc062723c751e8b465ee728b)  -> (artifact id: 'ff733e91439963d0ac5de9b43f5e76d0') in 0.009254 seconds 
  Import took 0.012643 seconds .

========================================================================
Received Import Request.
  Time since last request: 161.755361 seconds.
  path: Assets/Sprites/dress.png
  artifactKey: Guid(dd81f0990e611874da9b0b7aac556c9d) Importer(815301076,1909f56bfc062723c751e8b465ee728b)
Start importing Assets/Sprites/dress.png using Guid(dd81f0990e611874da9b0b7aac556c9d) Importer(815301076,1909f56bfc062723c751e8b465ee728b)  -> (artifact id: 'd29104bfb81ddd6a6d849641f71e1328') in 0.010862 seconds 
  Import took 0.014270 seconds .

========================================================================
Received Prepare
Registering precompiled user dll's ...
Registered in 0.003579 seconds.
Begin MonoManager ReloadAssembly
Native extension for WindowsStandalone target not found
Refreshing native plugins compatible for Editor in 0.47 ms, found 3 plugins.
Preloading 0 native plugins for Editor in 0.00 ms.
Mono: successfully reloaded assembly
- Completed reload, in  0.775 seconds
Platform modules already initialized, skipping
Switching build target platform(19) subTarget(0) extendedPlatform(0) -> platform(13) subTarget(537395200) extendedPlatform(0)
Refreshing native plugins compatible for Editor in 0.44 ms, found 3 plugins.
Preloading 0 native plugins for Editor in 0.00 ms.
Unloading 2469 Unused Serialized files (Serialized files now loaded: 0)
System memory in use before: 107.8 MB.
System memory in use after: 108.1 MB.

Unloading 34 unused Assets to reduce memory usage. Loaded Objects now: 2933.
Total: 1.479300 ms (FindLiveObjects: 0.141500 ms CreateObjectMapping: 0.059200 ms MarkObjects: 1.263600 ms  DeleteObjects: 0.014500 ms)

AssetImportParameters requested are different than current active one (requested -> active):
  custom:framework-win-MediaFoundation: 216162199b28c13a410421893ffa2e32 -> 
  custom:video-decoder-ogg-theora: a1e56fd34408186e4bbccfd4996cb3dc -> 
  custom:container-muxer-webm: aa71ff27fc2769a1b78a27578f13a17b -> 
  custom:container-demuxer-webm: 4f35f7cbe854078d1ac9338744f61a02 -> 
  custom:container-demuxer-ogg: 62fdf1f143b41e24485cea50d1cbac27 -> 
  custom:video-encoder-webm-vp8: eb34c28f22e8b96e1ab97ce403110664 -> 
  custom:video-decoder-webm-vp8: 9c59270c3fd7afecdb556c50c9e8de78 -> 
  custom:graphics/normal-map-encoding: 01000000000000000000000000000000 -> 02000000000000000000000000000000
  custom:audio-decoder-ogg-vorbis: bf7c407c2cedff20999df2af8eb42d56 -> 
  custom:audio-encoder-webm-vorbis: bf7c407c2cedff20999df2af8eb42d56 -> 
========================================================================
Received Import Request.
  Time since last request: 1581.901667 seconds.
  path: Assets/Scenes/New SceneTemplate.scenetemplate
  artifactKey: Guid(8935d0eb9b0611145b502db25d4bda44) Importer(815301076,1909f56bfc062723c751e8b465ee728b)
Start importing Assets/Scenes/New SceneTemplate.scenetemplate using Guid(8935d0eb9b0611145b502db25d4bda44) Importer(815301076,1909f56bfc062723c751e8b465ee728b)  -> (artifact id: 'c314882fda8b273132cf246d45c82a40') in 0.049282 seconds 
  Import took 0.053072 seconds .

========================================================================
Received Import Request.
  Time since last request: 53.293244 seconds.
  path: Assets/Scenes/SandboxLevel.unity
  artifactKey: Guid(0df20002448aa4c41a6d4ede68fc470d) Importer(815301076,1909f56bfc062723c751e8b465ee728b)
Start importing Assets/Scenes/SandboxLevel.unity using Guid(0df20002448aa4c41a6d4ede68fc470d) Importer(815301076,1909f56bfc062723c751e8b465ee728b)  -> (artifact id: 'aa20459042218ba5303aadb408650bd7') in 0.006496 seconds 
  Import took 0.009352 seconds .

========================================================================
Received Import Request.
  Time since last request: 559.732904 seconds.
  path: Assets/Sprites/girl_sad.png
  artifactKey: Guid(7145248b37648094c8219d2326c10898) Importer(815301076,1909f56bfc062723c751e8b465ee728b)
Start importing Assets/Sprites/girl_sad.png using Guid(7145248b37648094c8219d2326c10898) Importer(815301076,1909f56bfc062723c751e8b465ee728b)  -> (artifact id: '7a75c8318deed12220ef020c60003306') in 0.030249 seconds 
  Import took 0.034086 seconds .

========================================================================
Received Import Request.
  Time since last request: 3978.201355 seconds.
  path: Assets/Scenes/RoadLevel
  artifactKey: Guid(f12b1aeda9999d145a9740aa679c2353) Importer(815301076,1909f56bfc062723c751e8b465ee728b)
Start importing Assets/Scenes/RoadLevel using Guid(f12b1aeda9999d145a9740aa679c2353) Importer(815301076,1909f56bfc062723c751e8b465ee728b)  -> (artifact id: '3a608343dcc26cae258b092de614dad1') in 0.006116 seconds 
  Import took 0.009833 seconds .

========================================================================
Received Import Request.
  Time since last request: 0.049287 seconds.
  path: Assets/Scenes/RoadLevel/dress.png
  artifactKey: Guid(9c83a21a6d6002d4cb849811b94fc99a) Importer(815301076,1909f56bfc062723c751e8b465ee728b)
Start importing Assets/Scenes/RoadLevel/dress.png using Guid(9c83a21a6d6002d4cb849811b94fc99a) Importer(815301076,1909f56bfc062723c751e8b465ee728b)  -> (artifact id: 'f2fb8e6280800bfc4a3eb705e3277ca5') in 0.013277 seconds 
  Import took 0.016356 seconds .

========================================================================
Received Import Request.
  Time since last request: 3.875881 seconds.
  path: Assets/Scenes/Garden
  artifactKey: Guid(87389094b23f6f248805821c3a8e3c8b) Importer(815301076,1909f56bfc062723c751e8b465ee728b)
Start importing Assets/Scenes/Garden using Guid(87389094b23f6f248805821c3a8e3c8b) Importer(815301076,1909f56bfc062723c751e8b465ee728b)  -> (artifact id: '242d3ae721c14872aef1c0fde7a632ea') in 0.006119 seconds 
  Import took 0.008961 seconds .

========================================================================
Received Import Request.
  Time since last request: 7.242144 seconds.
  path: Assets/Scenes/Garden.unity
  artifactKey: Guid(ce259dfb1d52c494bb1ce45049b7258b) Importer(815301076,1909f56bfc062723c751e8b465ee728b)
Start importing Assets/Scenes/Garden.unity using Guid(ce259dfb1d52c494bb1ce45049b7258b) Importer(815301076,1909f56bfc062723c751e8b465ee728b)  -> (artifact id: '6ee33f6436e37234b473d110b69289a7') in 0.006522 seconds 
  Import took 0.009540 seconds .

========================================================================
Received Import Request.
  Time since last request: 8.270958 seconds.
  path: Assets/Scenes/GardenLevel.unity
  artifactKey: Guid(ce259dfb1d52c494bb1ce45049b7258b) Importer(815301076,1909f56bfc062723c751e8b465ee728b)
Start importing Assets/Scenes/GardenLevel.unity using Guid(ce259dfb1d52c494bb1ce45049b7258b) Importer(815301076,1909f56bfc062723c751e8b465ee728b)  -> (artifact id: '75d50974ecfcfd0c3efc23994113574f') in 0.006542 seconds 
  Import took 0.009547 seconds .

========================================================================
Received Import Request.
  Time since last request: 4.687108 seconds.
  path: Assets/Scenes/RoadLevel.unity
  artifactKey: Guid(0352ac212e27e0d4e9141c1b9462cbca) Importer(815301076,1909f56bfc062723c751e8b465ee728b)
Start importing Assets/Scenes/RoadLevel.unity using Guid(0352ac212e27e0d4e9141c1b9462cbca) Importer(815301076,1909f56bfc062723c751e8b465ee728b)  -> (artifact id: '16fb67bb87233b6d97dfef697f86f5e0') in 0.006293 seconds 
  Import took 0.009237 seconds .

========================================================================
Received Import Request.
  Time since last request: 4474.367132 seconds.
  path: Assets/Sprites/basicFlower.png
  artifactKey: Guid(088a54b81059a6543b761a1b52b6b961) Importer(815301076,1909f56bfc062723c751e8b465ee728b)
Start importing Assets/Sprites/basicFlower.png using Guid(088a54b81059a6543b761a1b52b6b961) Importer(815301076,1909f56bfc062723c751e8b465ee728b)  -> (artifact id: '040f80ca50f95007839337c0afa9d878') in 0.023304 seconds 
  Import took 0.026983 seconds .

========================================================================
Received Import Request.
  Time since last request: 0.000213 seconds.
  path: Assets/Sprites/flower_stems.png
  artifactKey: Guid(11019ba23f4547b41b649f58a0034f60) Importer(815301076,1909f56bfc062723c751e8b465ee728b)
Start importing Assets/Sprites/flower_stems.png using Guid(11019ba23f4547b41b649f58a0034f60) Importer(815301076,1909f56bfc062723c751e8b465ee728b)  -> (artifact id: '05fe4c8c34a2cea4283814f58d05ee9d') in 0.020448 seconds 
  Import took 0.023081 seconds .

========================================================================
Received Import Request.
  Time since last request: 0.000141 seconds.
  path: Assets/Sprites/pointyFlower_cirlce.png
  artifactKey: Guid(b396c34d851bfbc46a198a96b5f60c9c) Importer(815301076,1909f56bfc062723c751e8b465ee728b)
Start importing Assets/Sprites/pointyFlower_cirlce.png using Guid(b396c34d851bfbc46a198a96b5f60c9c) Importer(815301076,1909f56bfc062723c751e8b465ee728b)  -> (artifact id: '447e0813348b5608a6058d29dadc4fac') in 0.017517 seconds 
  Import took 0.020299 seconds .

========================================================================
Received Import Request.
  Time since last request: 0.000241 seconds.
  path: Assets/Sprites/garden_bg_Zeichenfläche 1.png
  artifactKey: Guid(8f015b5e9d588ce4a91fe28ba9049101) Importer(815301076,1909f56bfc062723c751e8b465ee728b)
Start importing Assets/Sprites/garden_bg_Zeichenfläche 1.png using Guid(8f015b5e9d588ce4a91fe28ba9049101) Importer(815301076,1909f56bfc062723c751e8b465ee728b)  -> (artifact id: 'a6ad7c51313292634e8c69e07f1cc550') in 0.031050 seconds 
  Import took 0.033762 seconds .

========================================================================
Received Import Request.
  Time since last request: 0.000175 seconds.
  path: Assets/Sprites/pointyFlower.png
  artifactKey: Guid(7d6d74a8961678949be6eab5e097022c) Importer(815301076,1909f56bfc062723c751e8b465ee728b)
Start importing Assets/Sprites/pointyFlower.png using Guid(7d6d74a8961678949be6eab5e097022c) Importer(815301076,1909f56bfc062723c751e8b465ee728b)  -> (artifact id: '84c4e20fe3b713700424a5c96c6d716a') in 0.021652 seconds 
  Import took 0.024660 seconds .

========================================================================
Received Import Request.
  Time since last request: 0.000151 seconds.
  path: Assets/Sprites/tulip.png
  artifactKey: Guid(3224730da24742044bd78e98628711f1) Importer(815301076,1909f56bfc062723c751e8b465ee728b)
Start importing Assets/Sprites/tulip.png using Guid(3224730da24742044bd78e98628711f1) Importer(815301076,1909f56bfc062723c751e8b465ee728b)  -> (artifact id: 'ef326e030daa14853ecb9baa3a29ef0b') in 0.021497 seconds 
  Import took 0.024354 seconds .

========================================================================
Received Import Request.
  Time since last request: 0.000141 seconds.
  path: Assets/Sprites/basicFlower_circle.png
  artifactKey: Guid(429abba039477df4aa939ebb0e9e9a42) Importer(815301076,1909f56bfc062723c751e8b465ee728b)
Start importing Assets/Sprites/basicFlower_circle.png using Guid(429abba039477df4aa939ebb0e9e9a42) Importer(815301076,1909f56bfc062723c751e8b465ee728b)  -> (artifact id: '217f1103dfaf38b52e60767411ae8fda') in 0.016910 seconds 
  Import took 0.020047 seconds .

========================================================================
Received Import Request.
  Time since last request: 87.648636 seconds.
  path: Assets/Sprites/pointyFlower.png
  artifactKey: Guid(7d6d74a8961678949be6eab5e097022c) Importer(815301076,1909f56bfc062723c751e8b465ee728b)
Start importing Assets/Sprites/pointyFlower.png using Guid(7d6d74a8961678949be6eab5e097022c) Importer(815301076,1909f56bfc062723c751e8b465ee728b)  -> (artifact id: 'c4650308500e7874b39d8559d50b10b0') in 0.015790 seconds 
  Import took 0.018537 seconds .

========================================================================
Received Import Request.
  Time since last request: 189.105877 seconds.
  path: Assets/Sprites/garden_bg.png
  artifactKey: Guid(18d3c66780f883c479be752d92533fed) Importer(815301076,1909f56bfc062723c751e8b465ee728b)
Start importing Assets/Sprites/garden_bg.png using Guid(18d3c66780f883c479be752d92533fed) Importer(815301076,1909f56bfc062723c751e8b465ee728b)  -> (artifact id: '9660cf820c543a50b4271f4ea7333f75') in 0.021500 seconds 
  Import took 0.024323 seconds .

========================================================================
Received Import Request.
  Time since last request: 0.010592 seconds.
  path: Assets/Sprites/garden_bg.png
  artifactKey: Guid(18d3c66780f883c479be752d92533fed) Importer(815301076,1909f56bfc062723c751e8b465ee728b)
Start importing Assets/Sprites/garden_bg.png using Guid(18d3c66780f883c479be752d92533fed) Importer(815301076,1909f56bfc062723c751e8b465ee728b)  -> (artifact id: '9660cf820c543a50b4271f4ea7333f75') in 0.009760 seconds 
  Import took 0.012776 seconds .

========================================================================
Received Import Request.
  Time since last request: 754.460413 seconds.
  path: Assets/Sprites/basicFlower_stem.png
  artifactKey: Guid(cc64265aa628dde41b3d674db2a04810) Importer(815301076,1909f56bfc062723c751e8b465ee728b)
Start importing Assets/Sprites/basicFlower_stem.png using Guid(cc64265aa628dde41b3d674db2a04810) Importer(815301076,1909f56bfc062723c751e8b465ee728b)  -> (artifact id: '5cf8d3ce4ba03a6bdf55aa412ff3cfcb') in 0.012516 seconds 
  Import took 0.016127 seconds .

========================================================================
Received Import Request.
  Time since last request: 0.000137 seconds.
  path: Assets/Sprites/tulip_stem.png
  artifactKey: Guid(87bc30dac06451e49acaf05e9e3edd23) Importer(815301076,1909f56bfc062723c751e8b465ee728b)
Start importing Assets/Sprites/tulip_stem.png using Guid(87bc30dac06451e49acaf05e9e3edd23) Importer(815301076,1909f56bfc062723c751e8b465ee728b)  -> (artifact id: '2284fed4e7b61a244ffdcb5122ad8951') in 0.011712 seconds 
  Import took 0.014941 seconds .

========================================================================
Received Import Request.
  Time since last request: 0.000120 seconds.
  path: Assets/Sprites/pointyFlower_stem.png
  artifactKey: Guid(397a0d8e91131d446af244b5086a2e83) Importer(815301076,1909f56bfc062723c751e8b465ee728b)
Start importing Assets/Sprites/pointyFlower_stem.png using Guid(397a0d8e91131d446af244b5086a2e83) Importer(815301076,1909f56bfc062723c751e8b465ee728b)  -> (artifact id: 'd7609c8a7739d3b529a251b7291a3eb8') in 0.010122 seconds 
  Import took 0.012964 seconds .

========================================================================
Received Import Request.
  Time since last request: 0.000123 seconds.
  path: Assets/Sprites/garden_bg.png
  artifactKey: Guid(18d3c66780f883c479be752d92533fed) Importer(815301076,1909f56bfc062723c751e8b465ee728b)
Start importing Assets/Sprites/garden_bg.png using Guid(18d3c66780f883c479be752d92533fed) Importer(815301076,1909f56bfc062723c751e8b465ee728b)  -> (artifact id: 'be6c78863db8c6e03cc9f6c86a59cf8d') in 0.013107 seconds 
  Import took 0.015901 seconds .

========================================================================
Received Import Request.
  Time since last request: 409.966409 seconds.
  path: Assets/Sprites/garden_bg.png
  artifactKey: Guid(18d3c66780f883c479be752d92533fed) Importer(815301076,1909f56bfc062723c751e8b465ee728b)
Start importing Assets/Sprites/garden_bg.png using Guid(18d3c66780f883c479be752d92533fed) Importer(815301076,1909f56bfc062723c751e8b465ee728b)  -> (artifact id: 'dcd0bde27ab64589a904c23dd563e8f5') in 0.022419 seconds 
  Import took 0.026104 seconds .

========================================================================
Received Import Request.
  Time since last request: 6225.758311 seconds.
  path: Assets/Sprites/house_bg.png
  artifactKey: Guid(e51e74f6502df0f45afd476c77e01f0c) Importer(815301076,1909f56bfc062723c751e8b465ee728b)
Start importing Assets/Sprites/house_bg.png using Guid(e51e74f6502df0f45afd476c77e01f0c) Importer(815301076,1909f56bfc062723c751e8b465ee728b)  -> (artifact id: '5e166b32cf58cfb2ef7871fd325cffd3') in 0.023229 seconds 
  Import took 0.028623 seconds .

========================================================================
Received Import Request.
  Time since last request: 0.000195 seconds.
  path: Assets/Sprites/house_chimney.png
  artifactKey: Guid(c31ef6aed7a3475488cb28a58faba7b6) Importer(815301076,1909f56bfc062723c751e8b465ee728b)
Start importing Assets/Sprites/house_chimney.png using Guid(c31ef6aed7a3475488cb28a58faba7b6) Importer(815301076,1909f56bfc062723c751e8b465ee728b)  -> (artifact id: '7850eacca8405ae8dfd06ee385fb31dc') in 0.011538 seconds 
  Import took 0.014331 seconds .

========================================================================
Received Import Request.
  Time since last request: 0.000170 seconds.
  path: Assets/Sprites/house_wall.png
  artifactKey: Guid(41fe2fc7d006bbc40ac54114198a6401) Importer(815301076,1909f56bfc062723c751e8b465ee728b)
Start importing Assets/Sprites/house_wall.png using Guid(41fe2fc7d006bbc40ac54114198a6401) Importer(815301076,1909f56bfc062723c751e8b465ee728b)  -> (artifact id: '7b1efd4945b46bb32b28a6513bbdb12a') in 0.015784 seconds 
  Import took 0.018829 seconds .

========================================================================
Received Import Request.
  Time since last request: 0.000121 seconds.
  path: Assets/Sprites/house_window_door.png
  artifactKey: Guid(2ce72fe695b318f479ff2e2a43a49277) Importer(815301076,1909f56bfc062723c751e8b465ee728b)
Start importing Assets/Sprites/house_window_door.png using Guid(2ce72fe695b318f479ff2e2a43a49277) Importer(815301076,1909f56bfc062723c751e8b465ee728b)  -> (artifact id: '5eb0a698c5c4213a89e2515a97d547ad') in 0.014480 seconds 
  Import took 0.017154 seconds .

========================================================================
Received Import Request.
  Time since last request: 0.000137 seconds.
  path: Assets/Sprites/house_roof.png
  artifactKey: Guid(e53693c21d5c8b843b70cd95b0790a2c) Importer(815301076,1909f56bfc062723c751e8b465ee728b)
Start importing Assets/Sprites/house_roof.png using Guid(e53693c21d5c8b843b70cd95b0790a2c) Importer(815301076,1909f56bfc062723c751e8b465ee728b)  -> (artifact id: '825f2521aa49329cf97a175437f92432') in 0.013772 seconds 
  Import took 0.017456 seconds .

========================================================================
Received Import Request.
  Time since last request: 194.180351 seconds.
  path: Assets/Sprites/house_door.png
  artifactKey: Guid(4b1c77ec798ccdc4dbae99c5d077f3c1) Importer(815301076,1909f56bfc062723c751e8b465ee728b)
Start importing Assets/Sprites/house_door.png using Guid(4b1c77ec798ccdc4dbae99c5d077f3c1) Importer(815301076,1909f56bfc062723c751e8b465ee728b)  -> (artifact id: 'dc8232c808efd170263180d4db66af0d') in 0.020567 seconds 
  Import took 0.023462 seconds .

========================================================================
Received Import Request.
  Time since last request: 431.027940 seconds.
  path: Assets/Scenes/HouseLevel
  artifactKey: Guid(165698ec6712e4242b942de5f30c568b) Importer(815301076,1909f56bfc062723c751e8b465ee728b)
Start importing Assets/Scenes/HouseLevel using Guid(165698ec6712e4242b942de5f30c568b) Importer(815301076,1909f56bfc062723c751e8b465ee728b)  -> (artifact id: '7c18af726b138fe9d7959608fdfb585b') in 0.006076 seconds 
  Import took 0.009958 seconds .

========================================================================
Received Import Request.
  Time since last request: 6.088212 seconds.
  path: Assets/Scenes/HouseLevel 1
  artifactKey: Guid(79f99193876d54b4e82b349b76c87028) Importer(815301076,1909f56bfc062723c751e8b465ee728b)
Start importing Assets/Scenes/HouseLevel 1 using Guid(79f99193876d54b4e82b349b76c87028) Importer(815301076,1909f56bfc062723c751e8b465ee728b)  -> (artifact id: 'c09a9d9ad6c8971e306b1253886d61df') in 0.005263 seconds 
  Import took 0.008069 seconds .

AssetImportWorkerClient::OnTransportError - code=2 error=End of file
